Using pre-set license

 COMMAND LINE ARGUMENTS:
/Applications/Unity/Hub/Editor/2020.3.2f1/Unity.app/Contents/MacOS/Unity
-adb2
-batchMode
-noUpm
-name
AssetImportWorker0
-projectPath
/Users/admin/Desktop/Portfolio/Unity/KitchenChaos
-logFile
Logs/AssetImportWorker0.log
-srvPort
52789
Successfully changed project path to: /Users/admin/Desktop/Portfolio/Unity/KitchenChaos
/Users/admin/Desktop/Portfolio/Unity/KitchenChaos
Using Asset Import Pipeline V2.
Refreshing native plugins compatible for Editor in 66.10 ms, found 1 plugins.
Preloading 0 native plugins for Editor in 0.00 ms.
Initialize engine version: 2020.3.2f1 (8fd9074bf66c)
[Subsystems] Discovering subsystems at path /Applications/Unity/Hub/Editor/2020.3.2f1/Unity.app/Contents/Resources/UnitySubsystems
[Subsystems] Discovering subsystems at path /Users/admin/Desktop/Portfolio/Unity/KitchenChaos/Assets
GfxDevice: creating device client; threaded=0
Renderer: ATI Radeon HD 4670 OpenGL Engine
Vendor:   ATI Technologies Inc.
Version:  3.3 ATI-10.4.14
GLES:     0
 GL_ARB_blend_func_extended GL_ARB_draw_buffers_blend GL_ARB_ES2_compatibility GL_ARB_explicit_attrib_location GL_ARB_instanced_arrays GL_ARB_internalformat_query GL_ARB_occlusion_query2 GL_ARB_sampler_objects GL_ARB_separate_shader_objects GL_ARB_shader_bit_encoding GL_ARB_shading_language_include GL_ARB_texture_buffer_object_rgb32 GL_ARB_texture_rgb10_a2ui GL_ARB_texture_storage GL_ARB_texture_swizzle GL_ARB_timer_query GL_ARB_vertex_type_2_10_10_10_rev GL_EXT_debug_label GL_EXT_debug_marker GL_EXT_texture_compression_s3tc GL_EXT_texture_filter_anisotropic GL_EXT_texture_mirror_clamp GL_EXT_texture_sRGB_decode GL_APPLE_client_storage GL_APPLE_container_object_shareable GL_APPLE_flush_render GL_APPLE_object_purgeable GL_APPLE_rgb_422 GL_APPLE_row_bytes GL_APPLE_texture_range GL_ATI_texture_mirror_once GL_NV_texture_barrier
OPENGL LOG: Creating OpenGL 3.3 graphics device ; Context level  <OpenGL 3.3> ; Context handle 280576
Initialize mono
Mono path[0] = '/Applications/Unity/Hub/Editor/2020.3.2f1/Unity.app/Contents/Managed'
Mono path[1] = '/Applications/Unity/Hub/Editor/2020.3.2f1/Unity.app/Contents/MonoBleedingEdge/lib/mono/unityjit'
Mono config path = '/Applications/Unity/Hub/Editor/2020.3.2f1/Unity.app/Contents/MonoBleedingEdge/etc'
Using monoOptions --debugger-agent=transport=dt_socket,embedding=1,server=y,suspend=n,address=127.0.0.1:56471
Begin MonoManager ReloadAssembly
Registering precompiled unity dll's ...
Register platform support module: /Applications/Unity/Hub/Editor/2020.3.2f1/PlaybackEngines/WebGLSupport/UnityEditor.WebGL.Extensions.dll
Register platform support module: /Applications/Unity/Hub/Editor/2020.3.2f1/Unity.app/Contents/PlaybackEngines/MacStandaloneSupport/UnityEditor.OSXStandalone.Extensions.dll
Registered in 0.001620 seconds.
Native extension for OSXStandalone target not found
Native extension for WebGL target not found
Refreshing native plugins compatible for Editor in 60.40 ms, found 1 plugins.
Preloading 0 native plugins for Editor in 0.00 ms.
Invoked RoslynAnalysisRunner static constructor.
RoslynAnalysisRunner will not be running.
RoslynAnalysisRunner has terminated.
Mono: successfully reloaded assembly
- Completed reload, in  5.092 seconds
Platform modules already initialized, skipping
Registering precompiled user dll's ...
Registered in 0.006019 seconds.
Begin MonoManager ReloadAssembly
Native extension for OSXStandalone target not found
Native extension for WebGL target not found
Refreshing native plugins compatible for Editor in 65.83 ms, found 1 plugins.
Preloading 0 native plugins for Editor in 0.00 ms.
Invoked RoslynAnalysisRunner static constructor.
RoslynAnalysisRunner will not be running.
RoslynAnalysisRunner has terminated.
Mono: successfully reloaded assembly
- Completed reload, in  2.067 seconds
Platform modules already initialized, skipping
========================================================================
Worker process is ready to serve import requests
Launching external process: /Applications/Unity/Hub/Editor/2020.3.2f1/Unity.app/Contents/Tools/UnityShaderCompiler
Launched and connected shader compiler UnityShaderCompiler after 0.10 seconds
Refreshing native plugins compatible for Editor in 0.48 ms, found 1 plugins.
Preloading 0 native plugins for Editor in 0.00 ms.
Unloading 1570 Unused Serialized files (Serialized files now loaded: 0)
System memory in use before: 132.8 MB.
System memory in use after: 132.8 MB.

Unloading 14 unused Assets to reduce memory usage. Loaded Objects now: 2013.
Total: 3.803384 ms (FindLiveObjects: 0.321437 ms CreateObjectMapping: 0.076470 ms MarkObjects: 3.248045 ms  DeleteObjects: 0.155590 ms)

========================================================================
Received Import Request.
  path: Assets/_Assets/Prefabs/Counters/ContainerCounter.prefab
  artifactKey: Guid(e5beeade39d714c3299aed205c468706) Importer(815301076,1909f56bfc062723c751e8b465ee728b)
Start importing Assets/_Assets/Prefabs/Counters/ContainerCounter.prefab using Guid(e5beeade39d714c3299aed205c468706) Importer(815301076,1909f56bfc062723c751e8b465ee728b)  -> (artifact id: '339fb2ace2cf4d5a5b9b024df773413c') in 1.131777 seconds
  Import took 1.137959 seconds .

========================================================================
Received Import Request.
  Time since last request: 77.536068 seconds.
  path: Assets/_Assets/Prefabs/Counters/ClearCounter.prefab
  artifactKey: Guid(6e7f13330ec2f4804a8db395088eabf7) Importer(815301076,1909f56bfc062723c751e8b465ee728b)
Start importing Assets/_Assets/Prefabs/Counters/ClearCounter.prefab using Guid(6e7f13330ec2f4804a8db395088eabf7) Importer(815301076,1909f56bfc062723c751e8b465ee728b)  -> (artifact id: '66e8577f88d6c244a1e5e4cae0bc1e27') in 0.044354 seconds
  Import took 0.050973 seconds .

========================================================================
Received Import Request.
  Time since last request: 106.314592 seconds.
  path: Assets/_Assets/Prefabs/Counters/ContainerCounter.prefab
  artifactKey: Guid(e5beeade39d714c3299aed205c468706) Importer(815301076,1909f56bfc062723c751e8b465ee728b)
Start importing Assets/_Assets/Prefabs/Counters/ContainerCounter.prefab using Guid(e5beeade39d714c3299aed205c468706) Importer(815301076,1909f56bfc062723c751e8b465ee728b)  -> (artifact id: '9fef12fb3c9cbadc0b58ad6716a652b6') in 0.044260 seconds
  Import took 0.049698 seconds .

========================================================================
Received Import Request.
  Time since last request: 43.125820 seconds.
  path: Assets/_Assets/Prefabs/Counters/ClearCounter.prefab
  artifactKey: Guid(6e7f13330ec2f4804a8db395088eabf7) Importer(815301076,1909f56bfc062723c751e8b465ee728b)
Start importing Assets/_Assets/Prefabs/Counters/ClearCounter.prefab using Guid(6e7f13330ec2f4804a8db395088eabf7) Importer(815301076,1909f56bfc062723c751e8b465ee728b)  -> (artifact id: '83116d5e67d7a15e11b820915656fd8e') in 0.038298 seconds
  Import took 0.044411 seconds .

========================================================================
Received Import Request.
  Time since last request: 45.443205 seconds.
  path: Assets/_Assets/PrefabsVisuals/CountersVisuals
  artifactKey: Guid(f330c1d37c511c448be72648a9cccb5b) Importer(815301076,1909f56bfc062723c751e8b465ee728b)
Start importing Assets/_Assets/PrefabsVisuals/CountersVisuals using Guid(f330c1d37c511c448be72648a9cccb5b) Importer(815301076,1909f56bfc062723c751e8b465ee728b)  -> (artifact id: '2d357e86948f78538f95db3656d6a700') in 0.001814 seconds
  Import took 0.007884 seconds .

========================================================================
Received Import Request.
  Time since last request: 2.530670 seconds.
  path: Assets/_Assets/PrefabsVisuals/CountersVisuals/StoveCounter_Visual.prefab
  artifactKey: Guid(93af8b85a17635f40a5b76ed82a86c18) Importer(815301076,1909f56bfc062723c751e8b465ee728b)
Start importing Assets/_Assets/PrefabsVisuals/CountersVisuals/StoveCounter_Visual.prefab using Guid(93af8b85a17635f40a5b76ed82a86c18) Importer(815301076,1909f56bfc062723c751e8b465ee728b)  -> (artifact id: 'e92259b8aecff1fd5635b402c905d1cd') in 0.487056 seconds
  Import took 0.498754 seconds .

========================================================================
Received Import Request.
  Time since last request: 0.007826 seconds.
  path: Assets/_Assets/PrefabsVisuals/KitchenObjectsVisuals
  artifactKey: Guid(c83b095d94430984ea78cdb7423ed321) Importer(815301076,1909f56bfc062723c751e8b465ee728b)
Start importing Assets/_Assets/PrefabsVisuals/KitchenObjectsVisuals using Guid(c83b095d94430984ea78cdb7423ed321) Importer(815301076,1909f56bfc062723c751e8b465ee728b)  -> (artifact id: 'cca062f060cf06b97277548c066f0cf7') in 0.004900 seconds
  Import took 0.014292 seconds .

========================================================================
Received Import Request.
  Time since last request: 2.065519 seconds.
  path: Assets/_Assets/Sounds
  artifactKey: Guid(70a81af28b5de9b40a3afc09327786d0) Importer(815301076,1909f56bfc062723c751e8b465ee728b)
Start importing Assets/_Assets/Sounds using Guid(70a81af28b5de9b40a3afc09327786d0) Importer(815301076,1909f56bfc062723c751e8b465ee728b)  -> (artifact id: 'fef7965460b31fba963b2177496363bc') in 0.002606 seconds
  Import took 0.006969 seconds .

========================================================================
Received Import Request.
  Time since last request: 0.003435 seconds.
  path: Assets/_Assets/Sounds
  artifactKey: Guid(70a81af28b5de9b40a3afc09327786d0) Importer(815301076,1909f56bfc062723c751e8b465ee728b)
Start importing Assets/_Assets/Sounds using Guid(70a81af28b5de9b40a3afc09327786d0) Importer(815301076,1909f56bfc062723c751e8b465ee728b)  -> (artifact id: 'fef7965460b31fba963b2177496363bc') in 0.001435 seconds
  Import took 0.005786 seconds .

========================================================================
Received Import Request.
  Time since last request: 1.257936 seconds.
  path: Assets/Scripts/BaseCounter.cs
  artifactKey: Guid(0293975400bbe49ce867b19163e45446) Importer(815301076,1909f56bfc062723c751e8b465ee728b)
Start importing Assets/Scripts/BaseCounter.cs using Guid(0293975400bbe49ce867b19163e45446) Importer(815301076,1909f56bfc062723c751e8b465ee728b)  -> (artifact id: 'e6c93d8bf21dfb547bf26fed8ccaee3f') in 0.581569 seconds
  Import took 0.585937 seconds .

========================================================================
Received Import Request.
  Time since last request: 0.001229 seconds.
  path: Assets/Scripts/ClearCounter.cs
  artifactKey: Guid(3cc4504e188734d77948f0f4a030a1b0) Importer(815301076,1909f56bfc062723c751e8b465ee728b)
Start importing Assets/Scripts/ClearCounter.cs using Guid(3cc4504e188734d77948f0f4a030a1b0) Importer(815301076,1909f56bfc062723c751e8b465ee728b)  -> (artifact id: '2137137284d380bc8fd1c4b3108585e6') in 0.008473 seconds
  Import took 0.014159 seconds .

========================================================================
Received Import Request.
  Time since last request: 0.012208 seconds.
  path: Assets/Scripts/ContainerCounter.cs
  artifactKey: Guid(0f337e8242a5f4500ba6d93c1120f878) Importer(815301076,1909f56bfc062723c751e8b465ee728b)
Start importing Assets/Scripts/ContainerCounter.cs using Guid(0f337e8242a5f4500ba6d93c1120f878) Importer(815301076,1909f56bfc062723c751e8b465ee728b)  -> (artifact id: 'e2dbd293bd8a7eef2e259faf920da14c') in 0.007844 seconds
  Import took 0.013264 seconds .

========================================================================
Received Import Request.
  Time since last request: 0.444041 seconds.
  path: Assets/Scripts/KitchenObject.cs
  artifactKey: Guid(cadbc16af15ec4bfcacfc745c4a45545) Importer(815301076,1909f56bfc062723c751e8b465ee728b)
Start importing Assets/Scripts/KitchenObject.cs using Guid(cadbc16af15ec4bfcacfc745c4a45545) Importer(815301076,1909f56bfc062723c751e8b465ee728b)  -> (artifact id: '72d2dbddd0119bcc6098939cd6c8d188') in 0.007667 seconds
  Import took 0.012872 seconds .

========================================================================
Received Import Request.
  Time since last request: 0.000912 seconds.
  path: Assets/Scripts/KitchenObject.cs
  artifactKey: Guid(cadbc16af15ec4bfcacfc745c4a45545) Importer(815301076,1909f56bfc062723c751e8b465ee728b)
Start importing Assets/Scripts/KitchenObject.cs using Guid(cadbc16af15ec4bfcacfc745c4a45545) Importer(815301076,1909f56bfc062723c751e8b465ee728b)  -> (artifact id: '72d2dbddd0119bcc6098939cd6c8d188') in 0.008400 seconds
  Import took 0.012965 seconds .

========================================================================
Received Import Request.
  Time since last request: 0.274092 seconds.
  path: Assets/Scripts/Player.cs
  artifactKey: Guid(769f947dd4b7c43b380ee8d8cda5e16c) Importer(815301076,1909f56bfc062723c751e8b465ee728b)
Start importing Assets/Scripts/Player.cs using Guid(769f947dd4b7c43b380ee8d8cda5e16c) Importer(815301076,1909f56bfc062723c751e8b465ee728b)  -> (artifact id: 'c89e700a0f5aae7301073a225049863c') in 0.009857 seconds
  Import took 0.014299 seconds .

========================================================================
Received Import Request.
  Time since last request: 0.005774 seconds.
  path: Assets/Scripts/Player.cs
  artifactKey: Guid(769f947dd4b7c43b380ee8d8cda5e16c) Importer(815301076,1909f56bfc062723c751e8b465ee728b)
Start importing Assets/Scripts/Player.cs using Guid(769f947dd4b7c43b380ee8d8cda5e16c) Importer(815301076,1909f56bfc062723c751e8b465ee728b)  -> (artifact id: 'c89e700a0f5aae7301073a225049863c') in 0.008049 seconds
  Import took 0.012778 seconds .

========================================================================
Received Import Request.
  Time since last request: 0.367820 seconds.
  path: Assets/Walk.anim
  artifactKey: Guid(53772dfcc211948dfbb50faf44c17350) Importer(815301076,1909f56bfc062723c751e8b465ee728b)
Start importing Assets/Walk.anim using Guid(53772dfcc211948dfbb50faf44c17350) Importer(815301076,1909f56bfc062723c751e8b465ee728b)  -> (artifact id: '7ab58a39d4b04d70a52b2aeb7557c9cb') in 0.448680 seconds
  Import took 0.453079 seconds .

========================================================================
Received Import Request.
  Time since last request: 0.244550 seconds.
  path: Assets/Scripts/SelectedCounterVisual.cs
  artifactKey: Guid(268386950f98d44fe8e263b3d1e9549b) Importer(815301076,1909f56bfc062723c751e8b465ee728b)
Start importing Assets/Scripts/SelectedCounterVisual.cs using Guid(268386950f98d44fe8e263b3d1e9549b) Importer(815301076,1909f56bfc062723c751e8b465ee728b)  -> (artifact id: '20380e005d7e77c270af60a9eac92a47') in 0.004641 seconds
  Import took 0.014496 seconds .

========================================================================
Received Prepare
Registering precompiled user dll's ...
Registered in 0.009389 seconds.
Begin MonoManager ReloadAssembly
Native extension for OSXStandalone target not found
Native extension for WebGL target not found
Refreshing native plugins compatible for Editor in 0.48 ms, found 1 plugins.
Preloading 0 native plugins for Editor in 0.00 ms.
Invoked RoslynAnalysisRunner static constructor.
RoslynAnalysisRunner will not be running.
RoslynAnalysisRunner has terminated.
Mono: successfully reloaded assembly
- Completed reload, in  1.995 seconds
Platform modules already initialized, skipping
Refreshing native plugins compatible for Editor in 0.78 ms, found 1 plugins.
Preloading 0 native plugins for Editor in 0.00 ms.
Unloading 1564 Unused Serialized files (Serialized files now loaded: 0)
System memory in use before: 149.4 MB.
System memory in use after: 149.5 MB.

Unloading 7 unused Assets to reduce memory usage. Loaded Objects now: 2024.
Total: 3.623386 ms (FindLiveObjects: 0.317291 ms CreateObjectMapping: 0.074879 ms MarkObjects: 3.127335 ms  DeleteObjects: 0.101800 ms)

========================================================================
Received Import Request.
  Time since last request: 297.461756 seconds.
  path: Assets/_Assets/Prefabs/Counters/ContainerCounter.prefab
  artifactKey: Guid(e5beeade39d714c3299aed205c468706) Importer(815301076,1909f56bfc062723c751e8b465ee728b)
Start importing Assets/_Assets/Prefabs/Counters/ContainerCounter.prefab using Guid(e5beeade39d714c3299aed205c468706) Importer(815301076,1909f56bfc062723c751e8b465ee728b)  -> (artifact id: '41a643ddf0b042ca050917edc90888d4') in 0.309832 seconds
  Import took 0.332929 seconds .

========================================================================
Received Import Request.
  Time since last request: 271.940367 seconds.
  path: Assets/_Assets/Prefabs/Counters/ContainerCounter.prefab
  artifactKey: Guid(e5beeade39d714c3299aed205c468706) Importer(815301076,1909f56bfc062723c751e8b465ee728b)
Start importing Assets/_Assets/Prefabs/Counters/ContainerCounter.prefab using Guid(e5beeade39d714c3299aed205c468706) Importer(815301076,1909f56bfc062723c751e8b465ee728b)  -> (artifact id: '016862c0259474abe1f52f8f5a8e6153') in 0.075884 seconds
  Import took 0.120998 seconds .

========================================================================
Received Import Request.
  Time since last request: 0.004185 seconds.
  path: Assets/_Assets/Prefabs/Counters/ContainerCounter.prefab
  artifactKey: Guid(e5beeade39d714c3299aed205c468706) Importer(815301076,1909f56bfc062723c751e8b465ee728b)
Start importing Assets/_Assets/Prefabs/Counters/ContainerCounter.prefab using Guid(e5beeade39d714c3299aed205c468706) Importer(815301076,1909f56bfc062723c751e8b465ee728b)  -> (artifact id: '016862c0259474abe1f52f8f5a8e6153') in 0.034600 seconds
  Import took 0.040285 seconds .

========================================================================
Received Prepare
Registering precompiled user dll's ...
Registered in 0.001028 seconds.
Begin MonoManager ReloadAssembly
Native extension for OSXStandalone target not found
Native extension for WebGL target not found
Refreshing native plugins compatible for Editor in 0.49 ms, found 1 plugins.
Preloading 0 native plugins for Editor in 0.00 ms.
Invoked RoslynAnalysisRunner static constructor.
RoslynAnalysisRunner will not be running.
RoslynAnalysisRunner has terminated.
Mono: successfully reloaded assembly
- Completed reload, in  2.344 seconds
Platform modules already initialized, skipping
Refreshing native plugins compatible for Editor in 0.49 ms, found 1 plugins.
Preloading 0 native plugins for Editor in 0.00 ms.
Unloading 1564 Unused Serialized files (Serialized files now loaded: 0)
System memory in use before: 149.7 MB.
System memory in use after: 149.8 MB.

Unloading 7 unused Assets to reduce memory usage. Loaded Objects now: 2028.
Total: 3.272779 ms (FindLiveObjects: 0.316202 ms CreateObjectMapping: 0.074706 ms MarkObjects: 2.775213 ms  DeleteObjects: 0.104288 ms)

========================================================================
Received Prepare
Registering precompiled user dll's ...
Registered in 0.000994 seconds.
Begin MonoManager ReloadAssembly
Native extension for OSXStandalone target not found
Native extension for WebGL target not found
Refreshing native plugins compatible for Editor in 0.49 ms, found 1 plugins.
Preloading 0 native plugins for Editor in 0.00 ms.
Invoked RoslynAnalysisRunner static constructor.
RoslynAnalysisRunner will not be running.
RoslynAnalysisRunner has terminated.
Mono: successfully reloaded assembly
- Completed reload, in  1.995 seconds
Platform modules already initialized, skipping
Refreshing native plugins compatible for Editor in 0.49 ms, found 1 plugins.
Preloading 0 native plugins for Editor in 0.00 ms.
Unloading 1564 Unused Serialized files (Serialized files now loaded: 0)
System memory in use before: 149.9 MB.
System memory in use after: 150.0 MB.

Unloading 7 unused Assets to reduce memory usage. Loaded Objects now: 2031.
Total: 4.954782 ms (FindLiveObjects: 0.333542 ms CreateObjectMapping: 0.088711 ms MarkObjects: 4.347965 ms  DeleteObjects: 0.181858 ms)

========================================================================
Received Import Request.
  Time since last request: 615.581265 seconds.
  path: Assets/_Assets/Prefabs/Counters/ContainerCounter.prefab
  artifactKey: Guid(e5beeade39d714c3299aed205c468706) Importer(815301076,1909f56bfc062723c751e8b465ee728b)
Start importing Assets/_Assets/Prefabs/Counters/ContainerCounter.prefab using Guid(e5beeade39d714c3299aed205c468706) Importer(815301076,1909f56bfc062723c751e8b465ee728b)  -> (artifact id: '8bb9a903b2d2303bb453dbc7e5ca2ce6') in 0.344532 seconds
  Import took 0.350440 seconds .

========================================================================
Received Prepare
Registering precompiled user dll's ...
Registered in 0.000934 seconds.
Begin MonoManager ReloadAssembly
Native extension for OSXStandalone target not found
Native extension for WebGL target not found
Refreshing native plugins compatible for Editor in 0.55 ms, found 1 plugins.
Preloading 0 native plugins for Editor in 0.00 ms.
Invoked RoslynAnalysisRunner static constructor.
RoslynAnalysisRunner will not be running.
RoslynAnalysisRunner has terminated.
Mono: successfully reloaded assembly
- Completed reload, in  2.611 seconds
Platform modules already initialized, skipping
Refreshing native plugins compatible for Editor in 23.00 ms, found 1 plugins.
Preloading 0 native plugins for Editor in 0.00 ms.
Unloading 1564 Unused Serialized files (Serialized files now loaded: 0)
System memory in use before: 150.0 MB.
System memory in use after: 150.1 MB.

Unloading 7 unused Assets to reduce memory usage. Loaded Objects now: 2035.
Total: 6.242949 ms (FindLiveObjects: 0.832345 ms CreateObjectMapping: 0.175025 ms MarkObjects: 5.062842 ms  DeleteObjects: 0.169753 ms)

========================================================================
Received Import Request.
  Time since last request: 1347.726766 seconds.
  path: Assets/_Assets/Prefabs/Counters/ClearCounter.prefab
  artifactKey: Guid(6e7f13330ec2f4804a8db395088eabf7) Importer(815301076,1909f56bfc062723c751e8b465ee728b)
Start importing Assets/_Assets/Prefabs/Counters/ClearCounter.prefab using Guid(6e7f13330ec2f4804a8db395088eabf7) Importer(815301076,1909f56bfc062723c751e8b465ee728b) The same field name is serialized multiple times in the class or its parent class. This is not supported: Base(MonoBehaviour) _pointToSpawn

 -> (artifact id: '13ab02e25d15c58d9438928c2eeca654') in 0.267122 seconds
  Import took 0.303676 seconds .

========================================================================
Received Import Request.
  Time since last request: 19.033628 seconds.
  path: Assets/_Assets/Prefabs/Counters/ContainerCounter.prefab
  artifactKey: Guid(e5beeade39d714c3299aed205c468706) Importer(815301076,1909f56bfc062723c751e8b465ee728b)
Start importing Assets/_Assets/Prefabs/Counters/ContainerCounter.prefab using Guid(e5beeade39d714c3299aed205c468706) Importer(815301076,1909f56bfc062723c751e8b465ee728b) The same field name is serialized multiple times in the class or its parent class. This is not supported: Base(MonoBehaviour) _pointToSpawn

 -> (artifact id: '1ce3167d28ed0e0955cbc6980744ed68') in 0.133080 seconds
  Import took 0.140222 seconds .

========================================================================
Received Prepare
Registering precompiled user dll's ...
Registered in 0.000965 seconds.
Begin MonoManager ReloadAssembly
Native extension for OSXStandalone target not found
Native extension for WebGL target not found
Refreshing native plugins compatible for Editor in 0.69 ms, found 1 plugins.
Preloading 0 native plugins for Editor in 0.00 ms.
Invoked RoslynAnalysisRunner static constructor.
RoslynAnalysisRunner will not be running.
RoslynAnalysisRunner has terminated.
Mono: successfully reloaded assembly
- Completed reload, in  2.312 seconds
Platform modules already initialized, skipping
Refreshing native plugins compatible for Editor in 0.50 ms, found 1 plugins.
Preloading 0 native plugins for Editor in 0.00 ms.
Unloading 1564 Unused Serialized files (Serialized files now loaded: 0)
System memory in use before: 150.4 MB.
System memory in use after: 150.4 MB.

Unloading 7 unused Assets to reduce memory usage. Loaded Objects now: 2039.
Total: 3.951403 ms (FindLiveObjects: 0.335842 ms CreateObjectMapping: 0.075675 ms MarkObjects: 3.431469 ms  DeleteObjects: 0.106421 ms)

========================================================================
Received Prepare
Registering precompiled user dll's ...
Registered in 0.000950 seconds.
Begin MonoManager ReloadAssembly
Native extension for OSXStandalone target not found
Native extension for WebGL target not found
Refreshing native plugins compatible for Editor in 0.52 ms, found 1 plugins.
Preloading 0 native plugins for Editor in 0.00 ms.
Invoked RoslynAnalysisRunner static constructor.
RoslynAnalysisRunner will not be running.
RoslynAnalysisRunner has terminated.
Mono: successfully reloaded assembly
- Completed reload, in  4.774 seconds
Platform modules already initialized, skipping
Refreshing native plugins compatible for Editor in 0.80 ms, found 1 plugins.
Preloading 0 native plugins for Editor in 0.00 ms.
Unloading 1564 Unused Serialized files (Serialized files now loaded: 0)
System memory in use before: 150.6 MB.
System memory in use after: 150.7 MB.

Unloading 7 unused Assets to reduce memory usage. Loaded Objects now: 2042.
Total: 6.694831 ms (FindLiveObjects: 0.336565 ms CreateObjectMapping: 0.075655 ms MarkObjects: 5.107485 ms  DeleteObjects: 1.172596 ms)

========================================================================
Received Prepare
Registering precompiled user dll's ...
Registered in 0.001017 seconds.
Begin MonoManager ReloadAssembly
Native extension for OSXStandalone target not found
Native extension for WebGL target not found
Refreshing native plugins compatible for Editor in 0.55 ms, found 1 plugins.
Preloading 0 native plugins for Editor in 0.00 ms.
Invoked RoslynAnalysisRunner static constructor.
RoslynAnalysisRunner will not be running.
RoslynAnalysisRunner has terminated.
Mono: successfully reloaded assembly
- Completed reload, in  2.117 seconds
Platform modules already initialized, skipping
Refreshing native plugins compatible for Editor in 0.52 ms, found 1 plugins.
Preloading 0 native plugins for Editor in 0.00 ms.
Unloading 1564 Unused Serialized files (Serialized files now loaded: 0)
System memory in use before: 150.8 MB.
System memory in use after: 150.9 MB.

Unloading 7 unused Assets to reduce memory usage. Loaded Objects now: 2045.
Total: 4.552806 ms (FindLiveObjects: 0.341019 ms CreateObjectMapping: 0.085221 ms MarkObjects: 3.941888 ms  DeleteObjects: 0.182514 ms)

========================================================================
Received Prepare
Registering precompiled user dll's ...
Registered in 0.000943 seconds.
Begin MonoManager ReloadAssembly
Native extension for OSXStandalone target not found
Native extension for WebGL target not found
Refreshing native plugins compatible for Editor in 0.56 ms, found 1 plugins.
Preloading 0 native plugins for Editor in 0.00 ms.
Invoked RoslynAnalysisRunner static constructor.
RoslynAnalysisRunner will not be running.
RoslynAnalysisRunner has terminated.
Mono: successfully reloaded assembly
- Completed reload, in  2.484 seconds
Platform modules already initialized, skipping
Refreshing native plugins compatible for Editor in 0.51 ms, found 1 plugins.
Preloading 0 native plugins for Editor in 0.00 ms.
Unloading 1564 Unused Serialized files (Serialized files now loaded: 0)
System memory in use before: 150.9 MB.
System memory in use after: 151.0 MB.

Unloading 7 unused Assets to reduce memory usage. Loaded Objects now: 2048.
Total: 4.126579 ms (FindLiveObjects: 0.519580 ms CreateObjectMapping: 0.083774 ms MarkObjects: 3.353455 ms  DeleteObjects: 0.166737 ms)

========================================================================
Received Import Request.
  Time since last request: 1578.122071 seconds.
  path: Assets/_Assets/Prefabs/Counters/ContainerCounter.prefab
  artifactKey: Guid(e5beeade39d714c3299aed205c468706) Importer(815301076,1909f56bfc062723c751e8b465ee728b)
Start importing Assets/_Assets/Prefabs/Counters/ContainerCounter.prefab using Guid(e5beeade39d714c3299aed205c468706) Importer(815301076,1909f56bfc062723c751e8b465ee728b)  -> (artifact id: '7362c3762b4b8672e0b6e790451b1b0a') in 0.473357 seconds
  Import took 0.503766 seconds .

========================================================================
Received Import Request.
  Time since last request: 13.908676 seconds.
  path: Assets/_Assets/Animations/ContainerCounter.controller
  artifactKey: Guid(159fdf44081dc31468b5d2cf94ed008e) Importer(815301076,1909f56bfc062723c751e8b465ee728b)
Start importing Assets/_Assets/Animations/ContainerCounter.controller using Guid(159fdf44081dc31468b5d2cf94ed008e) Importer(815301076,1909f56bfc062723c751e8b465ee728b)  -> (artifact id: '5b73ec9030640b9f1f29674a5beefa38') in 0.386430 seconds
  Import took 0.394841 seconds .

========================================================================
Received Import Request.
  Time since last request: 170.633353 seconds.
  path: Assets/Scripts/ContainerCounterVisual.cs
  artifactKey: Guid(e8965683c5ebb4ace94cb9ba91d312a8) Importer(815301076,1909f56bfc062723c751e8b465ee728b)
Start importing Assets/Scripts/ContainerCounterVisual.cs using Guid(e8965683c5ebb4ace94cb9ba91d312a8) Importer(815301076,1909f56bfc062723c751e8b465ee728b)  -> (artifact id: '81fd97f21720527fc82af051383ecac5') in 0.058255 seconds
  Import took 0.062931 seconds .

========================================================================
Received Prepare
Registering precompiled user dll's ...
Registered in 0.000930 seconds.
Begin MonoManager ReloadAssembly
Native extension for OSXStandalone target not found
Native extension for WebGL target not found
Refreshing native plugins compatible for Editor in 0.53 ms, found 1 plugins.
Preloading 0 native plugins for Editor in 0.00 ms.
Invoked RoslynAnalysisRunner static constructor.
RoslynAnalysisRunner will not be running.
RoslynAnalysisRunner has terminated.
Mono: successfully reloaded assembly
- Completed reload, in  2.180 seconds
Platform modules already initialized, skipping
Refreshing native plugins compatible for Editor in 0.55 ms, found 1 plugins.
Preloading 0 native plugins for Editor in 0.00 ms.
Unloading 1565 Unused Serialized files (Serialized files now loaded: 0)
System memory in use before: 155.3 MB.
System memory in use after: 155.4 MB.

Unloading 7 unused Assets to reduce memory usage. Loaded Objects now: 2053.
Total: 15.237383 ms (FindLiveObjects: 7.317352 ms CreateObjectMapping: 0.129102 ms MarkObjects: 7.607655 ms  DeleteObjects: 0.180666 ms)

========================================================================
Received Prepare
Registering precompiled user dll's ...
Registered in 0.000970 seconds.
Begin MonoManager ReloadAssembly
Native extension for OSXStandalone target not found
Native extension for WebGL target not found
Refreshing native plugins compatible for Editor in 0.49 ms, found 1 plugins.
Preloading 0 native plugins for Editor in 0.00 ms.
Invoked RoslynAnalysisRunner static constructor.
RoslynAnalysisRunner will not be running.
RoslynAnalysisRunner has terminated.
Mono: successfully reloaded assembly
- Completed reload, in  2.208 seconds
Platform modules already initialized, skipping
Refreshing native plugins compatible for Editor in 1.05 ms, found 1 plugins.
Preloading 0 native plugins for Editor in 0.00 ms.
Unloading 1565 Unused Serialized files (Serialized files now loaded: 0)
System memory in use before: 155.5 MB.
System memory in use after: 155.6 MB.

Unloading 7 unused Assets to reduce memory usage. Loaded Objects now: 2056.
Total: 3.850208 ms (FindLiveObjects: 0.345380 ms CreateObjectMapping: 0.077378 ms MarkObjects: 3.321719 ms  DeleteObjects: 0.103271 ms)

========================================================================
Received Import Request.
  Time since last request: 339.503100 seconds.
  path: Assets/Scripts/ContainerCounterVisual.cs
  artifactKey: Guid(e8965683c5ebb4ace94cb9ba91d312a8) Importer(815301076,1909f56bfc062723c751e8b465ee728b)
Start importing Assets/Scripts/ContainerCounterVisual.cs using Guid(e8965683c5ebb4ace94cb9ba91d312a8) Importer(815301076,1909f56bfc062723c751e8b465ee728b)  -> (artifact id: 'd4f6f780342a867b39905e110738c80b') in 0.012504 seconds
  Import took 0.017247 seconds .

========================================================================
Received Import Request.
  Time since last request: 62.060668 seconds.
  path: Assets/_Assets/PrefabsVisuals/CountersVisuals/ContainerCounter_Visual.prefab
  artifactKey: Guid(9a9137fa2b035d34e881701d2c178192) Importer(815301076,1909f56bfc062723c751e8b465ee728b)
Start importing Assets/_Assets/PrefabsVisuals/CountersVisuals/ContainerCounter_Visual.prefab using Guid(9a9137fa2b035d34e881701d2c178192) Importer(815301076,1909f56bfc062723c751e8b465ee728b)  -> (artifact id: 'e5031ee12749b634dcf1bc508122bbe8') in 0.328606 seconds
  Import took 0.334041 seconds .

========================================================================
Received Prepare
Registering precompiled user dll's ...
Registered in 0.000948 seconds.
Begin MonoManager ReloadAssembly
Native extension for OSXStandalone target not found
Native extension for WebGL target not found
Refreshing native plugins compatible for Editor in 0.49 ms, found 1 plugins.
Preloading 0 native plugins for Editor in 0.00 ms.
Invoked RoslynAnalysisRunner static constructor.
RoslynAnalysisRunner will not be running.
RoslynAnalysisRunner has terminated.
Mono: successfully reloaded assembly
- Completed reload, in  2.112 seconds
Platform modules already initialized, skipping
Refreshing native plugins compatible for Editor in 0.49 ms, found 1 plugins.
Preloading 0 native plugins for Editor in 0.00 ms.
Unloading 1565 Unused Serialized files (Serialized files now loaded: 0)
System memory in use before: 155.7 MB.
System memory in use after: 155.8 MB.

Unloading 7 unused Assets to reduce memory usage. Loaded Objects now: 2060.
Total: 3.606411 ms (FindLiveObjects: 0.338529 ms CreateObjectMapping: 0.075901 ms MarkObjects: 3.090306 ms  DeleteObjects: 0.099275 ms)

========================================================================
Received Prepare
Registering precompiled user dll's ...
Registered in 0.000962 seconds.
Begin MonoManager ReloadAssembly
Native extension for OSXStandalone target not found
Native extension for WebGL target not found
Refreshing native plugins compatible for Editor in 0.49 ms, found 1 plugins.
Preloading 0 native plugins for Editor in 0.00 ms.
Invoked RoslynAnalysisRunner static constructor.
RoslynAnalysisRunner will not be running.
RoslynAnalysisRunner has terminated.
Mono: successfully reloaded assembly
- Completed reload, in  2.362 seconds
Platform modules already initialized, skipping
Refreshing native plugins compatible for Editor in 1.10 ms, found 1 plugins.
Preloading 0 native plugins for Editor in 0.00 ms.
Unloading 1565 Unused Serialized files (Serialized files now loaded: 0)
System memory in use before: 155.9 MB.
System memory in use after: 156.0 MB.

Unloading 7 unused Assets to reduce memory usage. Loaded Objects now: 2063.
Total: 4.514555 ms (FindLiveObjects: 0.330098 ms CreateObjectMapping: 0.079379 ms MarkObjects: 3.931248 ms  DeleteObjects: 0.171505 ms)

========================================================================
Received Prepare
Registering precompiled user dll's ...
Registered in 0.000926 seconds.
Begin MonoManager ReloadAssembly
Native extension for OSXStandalone target not found
Native extension for WebGL target not found
Refreshing native plugins compatible for Editor in 0.57 ms, found 1 plugins.
Preloading 0 native plugins for Editor in 0.00 ms.
Invoked RoslynAnalysisRunner static constructor.
RoslynAnalysisRunner will not be running.
RoslynAnalysisRunner has terminated.
Mono: successfully reloaded assembly
- Completed reload, in  2.162 seconds
Platform modules already initialized, skipping
Refreshing native plugins compatible for Editor in 0.50 ms, found 1 plugins.
Preloading 0 native plugins for Editor in 0.00 ms.
Unloading 1565 Unused Serialized files (Serialized files now loaded: 0)
System memory in use before: 156.1 MB.
System memory in use after: 156.1 MB.

Unloading 7 unused Assets to reduce memory usage. Loaded Objects now: 2066.
Total: 4.624692 ms (FindLiveObjects: 0.419442 ms CreateObjectMapping: 0.126840 ms MarkObjects: 3.952806 ms  DeleteObjects: 0.123376 ms)

========================================================================
Received Prepare
Registering precompiled user dll's ...
Registered in 0.001044 seconds.
Begin MonoManager ReloadAssembly
Native extension for OSXStandalone target not found
Native extension for WebGL target not found
Refreshing native plugins compatible for Editor in 0.63 ms, found 1 plugins.
Preloading 0 native plugins for Editor in 0.00 ms.
Invoked RoslynAnalysisRunner static constructor.
RoslynAnalysisRunner will not be running.
RoslynAnalysisRunner has terminated.
Mono: successfully reloaded assembly
- Completed reload, in  2.726 seconds
Platform modules already initialized, skipping
Refreshing native plugins compatible for Editor in 1.07 ms, found 1 plugins.
Preloading 0 native plugins for Editor in 0.00 ms.
Unloading 1565 Unused Serialized files (Serialized files now loaded: 0)
System memory in use before: 156.3 MB.
System memory in use after: 156.4 MB.

Unloading 7 unused Assets to reduce memory usage. Loaded Objects now: 2069.
Total: 3.768765 ms (FindLiveObjects: 0.349579 ms CreateObjectMapping: 0.086050 ms MarkObjects: 3.219423 ms  DeleteObjects: 0.111147 ms)

========================================================================
Received Import Request.
  Time since last request: 2338.020089 seconds.
  path: Assets/PlayerInputActions.inputactions
  artifactKey: Guid(211e272782da4433f8ff9d00df89ac03) Importer(815301076,1909f56bfc062723c751e8b465ee728b)
Start importing Assets/PlayerInputActions.inputactions using Guid(211e272782da4433f8ff9d00df89ac03) Importer(815301076,1909f56bfc062723c751e8b465ee728b)  -> (artifact id: 'b908cf9a6c7824476304640f3f65d5b0') in 0.992860 seconds
  Import took 0.998313 seconds .

========================================================================
Received Import Request.
  Time since last request: 0.355918 seconds.
  path: Assets/PlayerInputActions.inputactions
  artifactKey: Guid(211e272782da4433f8ff9d00df89ac03) Importer(815301076,1909f56bfc062723c751e8b465ee728b)
Start importing Assets/PlayerInputActions.inputactions using Guid(211e272782da4433f8ff9d00df89ac03) Importer(815301076,1909f56bfc062723c751e8b465ee728b)  -> (artifact id: 'b908cf9a6c7824476304640f3f65d5b0') in 0.095487 seconds
  Import took 0.113731 seconds .

========================================================================
Received Prepare
Registering precompiled user dll's ...
Registered in 0.000963 seconds.
Begin MonoManager ReloadAssembly
Native extension for OSXStandalone target not found
Native extension for WebGL target not found
Refreshing native plugins compatible for Editor in 0.49 ms, found 1 plugins.
Preloading 0 native plugins for Editor in 0.00 ms.
Invoked RoslynAnalysisRunner static constructor.
RoslynAnalysisRunner will not be running.
RoslynAnalysisRunner has terminated.
Mono: successfully reloaded assembly
- Completed reload, in  2.821 seconds
Platform modules already initialized, skipping
Refreshing native plugins compatible for Editor in 0.54 ms, found 1 plugins.
Preloading 0 native plugins for Editor in 0.00 ms.
Unloading 1565 Unused Serialized files (Serialized files now loaded: 0)
System memory in use before: 160.7 MB.
System memory in use after: 160.7 MB.

Unloading 7 unused Assets to reduce memory usage. Loaded Objects now: 2072.
Total: 11.009169 ms (FindLiveObjects: 0.530268 ms CreateObjectMapping: 0.130492 ms MarkObjects: 10.246514 ms  DeleteObjects: 0.099874 ms)

========================================================================
Received Prepare
Registering precompiled user dll's ...
Registered in 0.000976 seconds.
Begin MonoManager ReloadAssembly
Native extension for OSXStandalone target not found
Native extension for WebGL target not found
Refreshing native plugins compatible for Editor in 0.54 ms, found 1 plugins.
Preloading 0 native plugins for Editor in 0.00 ms.
Invoked RoslynAnalysisRunner static constructor.
RoslynAnalysisRunner will not be running.
RoslynAnalysisRunner has terminated.
Mono: successfully reloaded assembly
- Completed reload, in  5.147 seconds
Platform modules already initialized, skipping
Refreshing native plugins compatible for Editor in 0.57 ms, found 1 plugins.
Preloading 0 native plugins for Editor in 0.00 ms.
Unloading 1565 Unused Serialized files (Serialized files now loaded: 0)
System memory in use before: 160.8 MB.
System memory in use after: 160.9 MB.

Unloading 7 unused Assets to reduce memory usage. Loaded Objects now: 2075.
Total: 45.646823 ms (FindLiveObjects: 0.325409 ms CreateObjectMapping: 0.078942 ms MarkObjects: 45.059257 ms  DeleteObjects: 0.180629 ms)

========================================================================
Received Prepare
Registering precompiled user dll's ...
Registered in 0.001055 seconds.
Begin MonoManager ReloadAssembly
Native extension for OSXStandalone target not found
Native extension for WebGL target not found
Refreshing native plugins compatible for Editor in 1.41 ms, found 1 plugins.
Preloading 0 native plugins for Editor in 0.00 ms.
Invoked RoslynAnalysisRunner static constructor.
RoslynAnalysisRunner will not be running.
RoslynAnalysisRunner has terminated.
Mono: successfully reloaded assembly
- Completed reload, in  3.822 seconds
Platform modules already initialized, skipping
Refreshing native plugins compatible for Editor in 0.54 ms, found 1 plugins.
Preloading 0 native plugins for Editor in 0.00 ms.
Unloading 1565 Unused Serialized files (Serialized files now loaded: 0)
System memory in use before: 161.0 MB.
System memory in use after: 161.0 MB.

Unloading 7 unused Assets to reduce memory usage. Loaded Objects now: 2078.
Total: 15.914565 ms (FindLiveObjects: 0.337548 ms CreateObjectMapping: 0.079522 ms MarkObjects: 15.317335 ms  DeleteObjects: 0.177384 ms)

========================================================================
Received Prepare
Registering precompiled user dll's ...
Registered in 0.001055 seconds.
Begin MonoManager ReloadAssembly
Native extension for OSXStandalone target not found
Native extension for WebGL target not found
Refreshing native plugins compatible for Editor in 0.74 ms, found 1 plugins.
Preloading 0 native plugins for Editor in 0.00 ms.
Invoked RoslynAnalysisRunner static constructor.
RoslynAnalysisRunner will not be running.
RoslynAnalysisRunner has terminated.
Mono: successfully reloaded assembly
- Completed reload, in  3.572 seconds
Platform modules already initialized, skipping
Refreshing native plugins compatible for Editor in 1.66 ms, found 1 plugins.
Preloading 0 native plugins for Editor in 0.00 ms.
Unloading 1565 Unused Serialized files (Serialized files now loaded: 0)
System memory in use before: 161.1 MB.
System memory in use after: 161.2 MB.

Unloading 7 unused Assets to reduce memory usage. Loaded Objects now: 2081.
Total: 5.372724 ms (FindLiveObjects: 0.327064 ms CreateObjectMapping: 0.077495 ms MarkObjects: 4.602640 ms  DeleteObjects: 0.363037 ms)

========================================================================
Received Import Request.
  Time since last request: 1521.002687 seconds.
  path: Assets/_Assets/Prefabs/Counters/ClearCounter.prefab
  artifactKey: Guid(6e7f13330ec2f4804a8db395088eabf7) Importer(815301076,1909f56bfc062723c751e8b465ee728b)
Start importing Assets/_Assets/Prefabs/Counters/ClearCounter.prefab using Guid(6e7f13330ec2f4804a8db395088eabf7) Importer(815301076,1909f56bfc062723c751e8b465ee728b)  -> (artifact id: '0972d8ee60d275f68b3dad8bf88041bd') in 0.308039 seconds
  Import took 0.319183 seconds .

========================================================================
Received Prepare
Registering precompiled user dll's ...
Registered in 0.001560 seconds.
Begin MonoManager ReloadAssembly
Native extension for OSXStandalone target not found
Native extension for WebGL target not found
Refreshing native plugins compatible for Editor in 0.74 ms, found 1 plugins.
Preloading 0 native plugins for Editor in 0.00 ms.
Invoked RoslynAnalysisRunner static constructor.
RoslynAnalysisRunner will not be running.
RoslynAnalysisRunner has terminated.
Mono: successfully reloaded assembly
- Completed reload, in  3.838 seconds
Platform modules already initialized, skipping
Refreshing native plugins compatible for Editor in 1.05 ms, found 1 plugins.
Preloading 0 native plugins for Editor in 0.00 ms.
Unloading 1565 Unused Serialized files (Serialized files now loaded: 0)
System memory in use before: 161.4 MB.
System memory in use after: 161.5 MB.

Unloading 7 unused Assets to reduce memory usage. Loaded Objects now: 2085.
Total: 12.306540 ms (FindLiveObjects: 8.458000 ms CreateObjectMapping: 0.155073 ms MarkObjects: 3.574343 ms  DeleteObjects: 0.114764 ms)

========================================================================
Received Prepare
Registering precompiled user dll's ...
Registered in 0.000942 seconds.
Begin MonoManager ReloadAssembly
Native extension for OSXStandalone target not found
Native extension for WebGL target not found
Refreshing native plugins compatible for Editor in 0.49 ms, found 1 plugins.
Preloading 0 native plugins for Editor in 0.00 ms.
Invoked RoslynAnalysisRunner static constructor.
RoslynAnalysisRunner will not be running.
RoslynAnalysisRunner has terminated.
Mono: successfully reloaded assembly
- Completed reload, in  3.227 seconds
Platform modules already initialized, skipping
Refreshing native plugins compatible for Editor in 0.49 ms, found 1 plugins.
Preloading 0 native plugins for Editor in 0.00 ms.
Unloading 1565 Unused Serialized files (Serialized files now loaded: 0)
System memory in use before: 161.6 MB.
System memory in use after: 161.7 MB.

Unloading 7 unused Assets to reduce memory usage. Loaded Objects now: 2088.
Total: 3.815368 ms (FindLiveObjects: 0.329397 ms CreateObjectMapping: 0.077073 ms MarkObjects: 3.301694 ms  DeleteObjects: 0.105165 ms)

========================================================================
Received Prepare
Registering precompiled user dll's ...
Registered in 0.006486 seconds.
Begin MonoManager ReloadAssembly
Native extension for OSXStandalone target not found
Native extension for WebGL target not found
Refreshing native plugins compatible for Editor in 0.61 ms, found 1 plugins.
Preloading 0 native plugins for Editor in 0.00 ms.
Invoked RoslynAnalysisRunner static constructor.
RoslynAnalysisRunner will not be running.
RoslynAnalysisRunner has terminated.
Mono: successfully reloaded assembly
- Completed reload, in  3.774 seconds
Platform modules already initialized, skipping
Refreshing native plugins compatible for Editor in 0.49 ms, found 1 plugins.
Preloading 0 native plugins for Editor in 0.00 ms.
Unloading 1565 Unused Serialized files (Serialized files now loaded: 0)
System memory in use before: 161.7 MB.
System memory in use after: 161.8 MB.

Unloading 7 unused Assets to reduce memory usage. Loaded Objects now: 2091.
Total: 12.995296 ms (FindLiveObjects: 0.578385 ms CreateObjectMapping: 0.097398 ms MarkObjects: 12.209304 ms  DeleteObjects: 0.108049 ms)

========================================================================
Received Prepare
Registering precompiled user dll's ...
Registered in 0.000984 seconds.
Begin MonoManager ReloadAssembly
Native extension for OSXStandalone target not found
Native extension for WebGL target not found
Refreshing native plugins compatible for Editor in 0.64 ms, found 1 plugins.
Preloading 0 native plugins for Editor in 0.00 ms.
Invoked RoslynAnalysisRunner static constructor.
RoslynAnalysisRunner will not be running.
RoslynAnalysisRunner has terminated.
Mono: successfully reloaded assembly
- Completed reload, in  3.139 seconds
Platform modules already initialized, skipping
Refreshing native plugins compatible for Editor in 0.49 ms, found 1 plugins.
Preloading 0 native plugins for Editor in 0.00 ms.
Unloading 1565 Unused Serialized files (Serialized files now loaded: 0)
System memory in use before: 162.0 MB.
System memory in use after: 162.0 MB.

Unloading 7 unused Assets to reduce memory usage. Loaded Objects now: 2094.
Total: 5.060570 ms (FindLiveObjects: 0.620604 ms CreateObjectMapping: 0.106504 ms MarkObjects: 4.157740 ms  DeleteObjects: 0.173242 ms)

========================================================================
Received Prepare
Registering precompiled user dll's ...
Registered in 0.000978 seconds.
Begin MonoManager ReloadAssembly
Native extension for OSXStandalone target not found
Native extension for WebGL target not found
Refreshing native plugins compatible for Editor in 0.49 ms, found 1 plugins.
Preloading 0 native plugins for Editor in 0.00 ms.
Invoked RoslynAnalysisRunner static constructor.
RoslynAnalysisRunner will not be running.
RoslynAnalysisRunner has terminated.
Mono: successfully reloaded assembly
- Completed reload, in  3.028 seconds
Platform modules already initialized, skipping
Refreshing native plugins compatible for Editor in 0.50 ms, found 1 plugins.
Preloading 0 native plugins for Editor in 0.00 ms.
Unloading 1565 Unused Serialized files (Serialized files now loaded: 0)
System memory in use before: 162.1 MB.
System memory in use after: 162.2 MB.

Unloading 7 unused Assets to reduce memory usage. Loaded Objects now: 2097.
Total: 5.712280 ms (FindLiveObjects: 0.427070 ms CreateObjectMapping: 0.128507 ms MarkObjects: 5.008987 ms  DeleteObjects: 0.144434 ms)

